<?xml version="1.0" encoding="UTF-8"?>
<testsuite xmlns:xsi="http://www.w3.org/2001/XMLSchema-instance" xsi:noNamespaceSchemaLocation="https://maven.apache.org/surefire/maven-surefire-plugin/xsd/surefire-test-report-3.0.xsd" version="3.0" name="co.edu.unicauca.pagos.p.plug.in.PagoCriptoMonedaTest" time="3.122" tests="4" errors="0" skipped="0" failures="0">
  <properties>
[...]
</properties>
  <testcase name="testProcesarPagoInvalido" classname="co.edu.unicauca.pagos.p.plug.in.PagoCriptoMonedaTest" time="0.048"/>
  <testcase name="testvalidarCuentaValida" classname="co.edu.unicauca.pagos.p.plug.in.PagoCriptoMonedaTest" time="0.004"/>
  <testcase name="testvalidarPagoCriptoMoneda" classname="co.edu.unicauca.pagos.p.plug.in.PagoCriptoMonedaTest" time="3.011">
    <system-out><![CDATA[Proceando transaccion en blockchain...
Transaccion Completada con Exito
]]></system-out>
  </testcase>
  <testcase name="testcreatePagoCriptoMoneda" classname="co.edu.unicauca.pagos.p.plug.in.PagoCriptoMonedaTest" time="0.006"/>
</testsuite>